Error!!!: Key should not be empty. Use --help for details.
Error!!!: Key should not be empty. Use --help for details.
Error!!!: Key should not be empty. Use --help for details.
Error!!!: Invalid arguments
Error!!!: Invalid arguments
Error!!!: The directory does not exist
Error!!!: The directory does not exist
Error!!!: The path '/home/kirthivasan/file' is not a valid directory.
Error!!!: Invalid arguments
Error!!!: Invalid arguments
Error!!!: The path '/home/kirthivasan/file' is not a valid directory.
Error!!!: The path '/home/kirthivasan/file' is not a valid directory or does not exist.
Error!!!: The path '/hello' is not a valid directory or does not exist.
Error!!!: The path '/hello' is not a valid directory or does not exist.
Error!!!: Invalid arguments
Error!!!: Key should not be empty. Use --help for details.
Error!!!: Invalid arguments
Error!!!: Invalid arguments
Error!!!: Invalid arguments
Error!!!: Invalid arguments
Error!!!: Invalid arguments
Error!!!: Invalid arguments
Error!!!: Invalid arguments
Error!!!: Invalid arguments
Error!!!: Invalid arguments
Error!!!: File '/home/kirthivasane' does not exist.
Error!!!: File '/home/kirthivasane' does not exist.
Error!!!: File '/home/kirthivasane' does not exist.
Error!!!: File '/home/kirthivasane' does not exist.
Error!!!: File '/home/kirthivasane' does not exist.
Error!!!: File '/home/kirthivasane' does not exist.
Error!!!: Invalid arguments
Error!!!: Invalid arguments
Error!!!: Invalid arguments
Error!!!: Invalid arguments
Error!!!: Invalid arguments